<?xml version="1.0" encoding="UTF-8"?>
<!-- Generated by org.testng.reporters.JUnitXMLReporter -->
<testsuite ignored="0" hostname="RTC-DLLA44" failures="1" tests="4" name="Surefire test" time="6.549" errors="0" timestamp="2023-03-31T12:57:16 IST">
  <testcase classname="Assignment.AutomateAPI" name="deleteRequest" time="2.757"/>
  <testcase classname="Assignment.AutomateAPI" name="getRequest" time="1.329">
    <failure type="java.lang.AssertionError" message="status code should be 200 but it&amp;apos;s not expected [200] but found [429]">
      <![CDATA[java.lang.AssertionError: status code should be 200 but it's not expected [200] but found [429]
at Assignment.AutomateAPI.getRequest(AutomateAPI.java:18)
at java.base/java.util.ArrayList.forEach(ArrayList.java:1511)
... Removed 38 stack frames]]>
    </failure>
  </testcase> <!-- getRequest -->
  <testcase classname="Assignment.AutomateAPI" name="postRequest" time="1.184"/>
  <testcase classname="Assignment.AutomateAPI" name="putRequest" time="1.228"/>
</testsuite> <!-- Surefire test -->
