<?xml version="1.0" encoding="UTF-8"?>
<testng-results ignored="1" total="2" passed="1" failed="0" skipped="0">
  <reporter-output>
  </reporter-output>
  <suite started-at="2024-02-27T12:41:36 IST" name="Default suite" finished-at="2024-02-27T12:41:38 IST" duration-ms="2662">
    <groups>
    </groups>
    <test started-at="2024-02-27T12:41:36 IST" name="Default test" finished-at="2024-02-27T12:41:38 IST" duration-ms="2662">
      <class name="Assignment.AutomateAPI">
        <test-method signature="postRequest()[pri:0, instance:Assignment.AutomateAPI@5acf93bb]" started-at="2024-02-27T12:41:36 IST" name="postRequest" finished-at="2024-02-27T12:41:38 IST" duration-ms="2596" status="PASS">
          <reporter-output>
          </reporter-output>
        </test-method> <!-- postRequest -->
      </class> <!-- Assignment.AutomateAPI -->
    </test> <!-- Default test -->
  </suite> <!-- Default suite -->
</testng-results>
